<?xml version="1.0" encoding="UTF-8"?>
<!-- Generated by org.testng.reporters.JUnitXMLReporter -->
<testsuite ignored="0" hostname="DESKTOP-0FF9E9S" failures="0" tests="3" name="Test" time="0.193" errors="0" timestamp="2023-11-21T12:41:02 IST">
  <testcase classname="com.resources.BaseClass" name="@BeforeClass launchBrowser" time="0.023">
    <failure type="java.io.FileNotFoundException" message="C:\Users\user\eclipse-workspace\TestNGproject\src\main\java\com\Resources\data.properties (The system cannot find the file specified)">
      <![CDATA[java.io.FileNotFoundException: C:\Users\user\eclipse-workspace\TestNGproject\src\main\java\com\Resources\data.properties (The system cannot find the file specified)
at java.base/java.io.FileInputStream.open0(Native Method)
at java.base/java.io.FileInputStream.open(FileInputStream.java:216)
at java.base/java.io.FileInputStream.<init>(FileInputStream.java:157)
at java.base/java.io.FileInputStream.<init>(FileInputStream.java:111)
at com.resources.BaseClass.intializeDriver(BaseClass.java:20)
at com.resources.BaseClass.launchBrowser(BaseClass.java:52)
at java.base/java.util.ArrayList.forEach(ArrayList.java:1511)
... Removed 23 stack frames]]>
    </failure>
  </testcase> <!-- @BeforeClass launchBrowser -->
  <testcase classname="com.resources.BaseClass" name="@BeforeClass launchBrowser" time="0.001">
    <failure type="java.io.FileNotFoundException" message="C:\Users\user\eclipse-workspace\TestNGproject\src\main\java\com\Resources\data.properties (The system cannot find the file specified)">
      <![CDATA[java.io.FileNotFoundException: C:\Users\user\eclipse-workspace\TestNGproject\src\main\java\com\Resources\data.properties (The system cannot find the file specified)
at java.base/java.io.FileInputStream.open0(Native Method)
at java.base/java.io.FileInputStream.open(FileInputStream.java:216)
at java.base/java.io.FileInputStream.<init>(FileInputStream.java:157)
at java.base/java.io.FileInputStream.<init>(FileInputStream.java:111)
at com.resources.BaseClass.intializeDriver(BaseClass.java:20)
at com.resources.BaseClass.launchBrowser(BaseClass.java:52)
at java.base/java.util.ArrayList.forEach(ArrayList.java:1511)
... Removed 23 stack frames]]>
    </failure>
  </testcase> <!-- @BeforeClass launchBrowser -->
  <testcase classname="TestCases.RegisterTestCases" name="verifyRegisterationWithInBlankData" time="0.0">
    <skipped/>
  </testcase> <!-- verifyRegisterationWithInBlankData -->
  <testcase classname="TestCases.RegisterTestCases" name="verifyRegisterationWithValidData" time="0.0">
    <skipped/>
  </testcase> <!-- verifyRegisterationWithValidData -->
  <testcase classname="TestCases.LoignTestCases" name="invalidLoginTest" time="0.0">
    <skipped/>
  </testcase> <!-- invalidLoginTest -->
</testsuite> <!-- Test -->
